0 info it worked if it ends with ok
1 verbose cli [ '/usr/bin/node', '/usr/bin/npm', 'run', 'test' ]
2 info using npm@3.5.2
3 info using node@v8.10.0
4 verbose run-script [ 'pretest', 'test', 'posttest' ]
5 info lifecycle daily_js_challenges@1.0.0~pretest: daily_js_challenges@1.0.0
6 silly lifecycle daily_js_challenges@1.0.0~pretest: no script for pretest, continuing
7 info lifecycle daily_js_challenges@1.0.0~test: daily_js_challenges@1.0.0
8 verbose lifecycle daily_js_challenges@1.0.0~test: unsafe-perm in lifecycle true
9 verbose lifecycle daily_js_challenges@1.0.0~test: PATH: /usr/share/npm/bin/node-gyp-bin:/home/piero/ga_seir/challenges/daily_js_challenges/node_modules/.bin:/usr/local/sbin:/usr/local/bin:/usr/sbin:/usr/bin:/sbin:/bin:/usr/games:/usr/local/games:/usr/lib/wsl/lib:/mnt/c/Program Files/WindowsApps/CanonicalGroupLimited.Ubuntu18.04onWindows_1804.2020.824.0_x64__79rhkp1fndgsc:/mnt/c/Program Files/AdoptOpenJDK/jdk-11.0.11.9-hotspot/bin:/mnt/c/ProgramData/Oracle/Java/javapath:/mnt/c/WINDOWS/system32:/mnt/c/WINDOWS:/mnt/c/WINDOWS/System32/Wbem:/mnt/c/WINDOWS/System32/WindowsPowerShell/v1.0/:/mnt/c/Program Files/Microsoft SQL Server/130/Tools/Binn/:/mnt/c/Program Files/Java/jdk1.8.0_144/bin:/mnt/c/WINDOWS/System32/OpenSSH/:/mnt/c/Program Files/dotnet/:/mnt/c/Program Files/Git/cmd:/mnt/c/Users/piero/AppData/Local/Programs/Python/Launcher/:/mnt/c/Users/piero/AppData/Local/Microsoft/WindowsApps
10 verbose lifecycle daily_js_challenges@1.0.0~test: CWD: /home/piero/ga_seir/challenges/daily_js_challenges
11 silly lifecycle daily_js_challenges@1.0.0~test: Args: [ '-c', 'jest --watchAll --verbose' ]
12 info lifecycle daily_js_challenges@1.0.0~test: Failed to exec test script
13 verbose stack Error: daily_js_challenges@1.0.0 test: `jest --watchAll --verbose`
13 verbose stack spawn ENOENT
13 verbose stack     at ChildProcess.<anonymous> (/usr/share/npm/lib/utils/spawn.js:17:16)
13 verbose stack     at emitTwo (events.js:126:13)
13 verbose stack     at ChildProcess.emit (events.js:214:7)
13 verbose stack     at maybeClose (internal/child_process.js:925:16)
13 verbose stack     at Process.ChildProcess._handle.onexit (internal/child_process.js:209:5)
14 verbose pkgid daily_js_challenges@1.0.0
15 verbose cwd /home/piero/ga_seir/challenges/daily_js_challenges
16 error Linux 5.10.16.3-microsoft-standard-WSL2
17 error argv "/usr/bin/node" "/usr/bin/npm" "run" "test"
18 error node v8.10.0
19 error npm  v3.5.2
20 error file sh
21 error code ELIFECYCLE
22 error errno ENOENT
23 error syscall spawn
24 error daily_js_challenges@1.0.0 test: `jest --watchAll --verbose`
24 error spawn ENOENT
25 error Failed at the daily_js_challenges@1.0.0 test script 'jest --watchAll --verbose'.
25 error Make sure you have the latest version of node.js and npm installed.
25 error If you do, this is most likely a problem with the daily_js_challenges package,
25 error not with npm itself.
25 error Tell the author that this fails on your system:
25 error     jest --watchAll --verbose
25 error You can get information on how to open an issue for this project with:
25 error     npm bugs daily_js_challenges
25 error Or if that isn't available, you can get their info via:
25 error     npm owner ls daily_js_challenges
25 error There is likely additional logging output above.
26 verbose exit [ 1, true ]
